<?xml version="1.0" encoding="UTF-8"?>
<!-- Generated by org.testng.reporters.JUnitXMLReporter -->
<testsuite ignored="7" hostname="DESKTOP-AK9E0OM" failures="2" tests="4" name="Zerodha" time="24.87" errors="0" timestamp="2022-04-22T22:23:30 IST">
  <testcase classname="com.TestCases.TestCase_1" name="ClickOnNewAccount" time="3.018"/>
  <testcase classname="com.TestCases.TestCase_1" name="TestCase" time="1.812">
    <failure type="org.openqa.selenium.StaleElementReferenceException" message="stale element reference: element is not attached to the page document
  (Session info: chrome=100.0.4896.127)
For documentation on this error, please visit: https://selenium.dev/exceptions/#stale_element_reference
Build info: version: &amp;apos;4.1.2&amp;apos;, revision: &amp;apos;9a5a329c5a&amp;apos;
System info: host: &amp;apos;DESKTOP-AK9E0OM&amp;apos;, ip: &amp;apos;192.168.109.34&amp;apos;, os.name: &amp;apos;Windows 10&amp;apos;, os.arch: &amp;apos;amd64&amp;apos;, os.version: &amp;apos;10.0&amp;apos;, java.version: &amp;apos;16.0.2&amp;apos;
Driver info: org.openqa.selenium.chrome.ChromeDriver
Command: [77d8b0ec84e50f877e30b1012dda023b, sendKeysToElement {id=c2fa0598-9de5-4d7f-a239-4eca26ac6dcf, value=[Ljava.lang.CharSequence;@559cedee}]
Capabilities {acceptInsecureCerts: false, browserName: chrome, browserVersion: 100.0.4896.127, chrome: {chromedriverVersion: 100.0.4896.60 (6a5d10861ce8..., userDataDir: C:\Users\Nikita\AppData\Loc...}, goog:chromeOptions: {debuggerAddress: localhost:64874}, javascriptEnabled: true, networkConnectionEnabled: false, pageLoadStrategy: normal, platform: WINDOWS, platformName: WINDOWS, proxy: Proxy(), se:cdp: ws://localhost:64874/devtoo..., se:cdpVersion: 100.0.4896.127, setWindowRect: true, strictFileInteractability: false, timeouts: {implicit: 0, pageLoad: 300000, script: 30000}, unhandledPromptBehavior: dismiss and notify, webauthn:extension:credBlob: true, webauthn:extension:largeBlob: true, webauthn:virtualAuthenticators: true}
Element: [[ChromeDriver: chrome on WINDOWS (77d8b0ec84e50f877e30b1012dda023b)] -&amp;gt; xpath: //input[@type=&amp;apos;password&amp;apos;]]
Session ID: 77d8b0ec84e50f877e30b1012dda023b">
      <![CDATA[org.openqa.selenium.StaleElementReferenceException: stale element reference: element is not attached to the page document
  (Session info: chrome=100.0.4896.127)
For documentation on this error, please visit: https://selenium.dev/exceptions/#stale_element_reference
Build info: version: '4.1.2', revision: '9a5a329c5a'
System info: host: 'DESKTOP-AK9E0OM', ip: '192.168.109.34', os.name: 'Windows 10', os.arch: 'amd64', os.version: '10.0', java.version: '16.0.2'
Driver info: org.openqa.selenium.chrome.ChromeDriver
Command: [77d8b0ec84e50f877e30b1012dda023b, sendKeysToElement {id=c2fa0598-9de5-4d7f-a239-4eca26ac6dcf, value=[Ljava.lang.CharSequence;@559cedee}]
Capabilities {acceptInsecureCerts: false, browserName: chrome, browserVersion: 100.0.4896.127, chrome: {chromedriverVersion: 100.0.4896.60 (6a5d10861ce8..., userDataDir: C:\Users\Nikita\AppData\Loc...}, goog:chromeOptions: {debuggerAddress: localhost:64874}, javascriptEnabled: true, networkConnectionEnabled: false, pageLoadStrategy: normal, platform: WINDOWS, platformName: WINDOWS, proxy: Proxy(), se:cdp: ws://localhost:64874/devtoo..., se:cdpVersion: 100.0.4896.127, setWindowRect: true, strictFileInteractability: false, timeouts: {implicit: 0, pageLoad: 300000, script: 30000}, unhandledPromptBehavior: dismiss and notify, webauthn:extension:credBlob: true, webauthn:extension:largeBlob: true, webauthn:virtualAuthenticators: true}
Element: [[ChromeDriver: chrome on WINDOWS (77d8b0ec84e50f877e30b1012dda023b)] -> xpath: //input[@type='password']]
Session ID: 77d8b0ec84e50f877e30b1012dda023b
at org.openqa.selenium.remote.codec.w3c.W3CHttpResponseCodec.createException(W3CHttpResponseCodec.java:200)
at org.openqa.selenium.remote.codec.w3c.W3CHttpResponseCodec.decode(W3CHttpResponseCodec.java:133)
at org.openqa.selenium.remote.codec.w3c.W3CHttpResponseCodec.decode(W3CHttpResponseCodec.java:53)
at org.openqa.selenium.remote.HttpCommandExecutor.execute(HttpCommandExecutor.java:184)
at org.openqa.selenium.remote.service.DriverCommandExecutor.invokeExecute(DriverCommandExecutor.java:167)
at org.openqa.selenium.remote.service.DriverCommandExecutor.execute(DriverCommandExecutor.java:142)
at org.openqa.selenium.remote.RemoteWebDriver.execute(RemoteWebDriver.java:558)
at org.openqa.selenium.remote.RemoteWebElement.execute(RemoteWebElement.java:251)
at org.openqa.selenium.remote.RemoteWebElement.sendKeys(RemoteWebElement.java:107)
at org.openqa.selenium.support.pagefactory.internal.LocatingElementHandler.invoke(LocatingElementHandler.java:52)
at jdk.proxy2/jdk.proxy2.$Proxy20.sendKeys(Unknown Source)
at com.POM.POM.EnterPin(POM.java:38)
at com.TestCases.TestCase_1.TestCase(TestCase_1.java:92)
at java.base/java.util.ArrayList.forEach(ArrayList.java:1511)
... Removed 36 stack frames]]>
    </failure>
  </testcase> <!-- TestCase -->
  <testcase classname="com.TestCases.TestNG" name="test2" time="3.013">
    <failure type="org.testng.internal.thread.ThreadTimeoutException" message="Method com.TestCases.TestNG.test2() didn&amp;apos;t finish within the time-out 3000">
      <![CDATA[org.testng.internal.thread.ThreadTimeoutException: Method com.TestCases.TestNG.test2() didn't finish within the time-out 3000
at java.base/java.util.ArrayList.forEach(ArrayList.java:1511)
... Removed 24 stack frames]]>
    </failure>
  </testcase> <!-- test2 -->
  <testcase classname="com.TestCases.TestNG" name="test1" time="0.002"/>
  <testcase classname="com.TestCases.TestCase_1" name="displayLogo" time="0.0">
    <ignored/>
  </testcase> <!-- displayLogo -->
  <testcase classname="com.TestCases.TestCase_1" name="ClickOnForgetPass" time="0.0">
    <ignored/>
  </testcase> <!-- ClickOnForgetPass -->
  <testcase classname="com.TestCases.TestCase_1" name="LoginwithBlankInput" time="0.0">
    <ignored/>
  </testcase> <!-- LoginwithBlankInput -->
  <testcase classname="com.TestCases.TestNG" name="testng" time="0.0">
    <ignored/>
  </testcase> <!-- testng -->
  <testcase classname="com.TestCases.TestNG" name="Test" time="0.0">
    <ignored/>
  </testcase> <!-- Test -->
  <testcase classname="com.TestCases.TestCase_1" name="LoginwithUserID" time="0.0">
    <ignored/>
  </testcase> <!-- LoginwithUserID -->
  <testcase classname="com.TestCases.TestCase_1" name="checkTitle" time="0.0">
    <ignored/>
  </testcase> <!-- checkTitle -->
</testsuite> <!-- Zerodha -->
